/nfs/nhome/live/tgeorge/anaconda3/lib/python3.8/site-packages/scipy/optimize/minpack.py:828: OptimizeWarning: Covariance of the parameters could not be estimated
  warnings.warn('Covariance of the parameters could not be estimated',
/nfs/nhome/live/tgeorge/anaconda3/lib/python3.8/site-packages/scipy/optimize/minpack.py:828: OptimizeWarning: Covariance of the parameters could not be estimated
  warnings.warn('Covariance of the parameters could not be estimated',
/nfs/nhome/live/tgeorge/anaconda3/lib/python3.8/site-packages/scipy/optimize/minpack.py:828: OptimizeWarning: Covariance of the parameters could not be estimated
  warnings.warn('Covariance of the parameters could not be estimated',
/nfs/nhome/live/tgeorge/anaconda3/lib/python3.8/site-packages/scipy/optimize/minpack.py:828: OptimizeWarning: Covariance of the parameters could not be estimated
  warnings.warn('Covariance of the parameters could not be estimated',
/nfs/nhome/live/tgeorge/anaconda3/lib/python3.8/site-packages/scipy/optimize/minpack.py:828: OptimizeWarning: Covariance of the parameters could not be estimated
  warnings.warn('Covariance of the parameters could not be estimated',
/nfs/nhome/live/tgeorge/anaconda3/lib/python3.8/site-packages/scipy/optimize/minpack.py:828: OptimizeWarning: Covariance of the parameters could not be estimated
  warnings.warn('Covariance of the parameters could not be estimated',
/nfs/nhome/live/tgeorge/anaconda3/lib/python3.8/site-packages/scipy/optimize/minpack.py:828: OptimizeWarning: Covariance of the parameters could not be estimated
  warnings.warn('Covariance of the parameters could not be estimated',
/nfs/nhome/live/tgeorge/anaconda3/lib/python3.8/site-packages/scipy/optimize/minpack.py:828: OptimizeWarning: Covariance of the parameters could not be estimated
  warnings.warn('Covariance of the parameters could not be estimated',
/nfs/nhome/live/tgeorge/anaconda3/lib/python3.8/site-packages/scipy/optimize/minpack.py:828: OptimizeWarning: Covariance of the parameters could not be estimated
  warnings.warn('Covariance of the parameters could not be estimated',
/nfs/nhome/live/tgeorge/anaconda3/lib/python3.8/site-packages/scipy/optimize/minpack.py:828: OptimizeWarning: Covariance of the parameters could not be estimated
  warnings.warn('Covariance of the parameters could not be estimated',
/nfs/nhome/live/tgeorge/anaconda3/lib/python3.8/site-packages/scipy/optimize/minpack.py:828: OptimizeWarning: Covariance of the parameters could not be estimated
  warnings.warn('Covariance of the parameters could not be estimated',
/nfs/nhome/live/tgeorge/anaconda3/lib/python3.8/site-packages/scipy/optimize/minpack.py:828: OptimizeWarning: Covariance of the parameters could not be estimated
  warnings.warn('Covariance of the parameters could not be estimated',
/nfs/nhome/live/tgeorge/anaconda3/lib/python3.8/site-packages/scipy/optimize/minpack.py:828: OptimizeWarning: Covariance of the parameters could not be estimated
  warnings.warn('Covariance of the parameters could not be estimated',
/nfs/nhome/live/tgeorge/anaconda3/lib/python3.8/site-packages/scipy/optimize/minpack.py:828: OptimizeWarning: Covariance of the parameters could not be estimated
  warnings.warn('Covariance of the parameters could not be estimated',
/nfs/nhome/live/tgeorge/anaconda3/lib/python3.8/site-packages/scipy/optimize/minpack.py:828: OptimizeWarning: Covariance of the parameters could not be estimated
  warnings.warn('Covariance of the parameters could not be estimated',
/nfs/nhome/live/tgeorge/anaconda3/lib/python3.8/site-packages/scipy/optimize/minpack.py:828: OptimizeWarning: Covariance of the parameters could not be estimated
  warnings.warn('Covariance of the parameters could not be estimated',
/nfs/nhome/live/tgeorge/anaconda3/lib/python3.8/site-packages/scipy/optimize/minpack.py:828: OptimizeWarning: Covariance of the parameters could not be estimated
  warnings.warn('Covariance of the parameters could not be estimated',
/nfs/nhome/live/tgeorge/anaconda3/lib/python3.8/site-packages/scipy/optimize/minpack.py:828: OptimizeWarning: Covariance of the parameters could not be estimated
  warnings.warn('Covariance of the parameters could not be estimated',
/nfs/nhome/live/tgeorge/anaconda3/lib/python3.8/site-packages/scipy/optimize/minpack.py:828: OptimizeWarning: Covariance of the parameters could not be estimated
  warnings.warn('Covariance of the parameters could not be estimated',
/nfs/nhome/live/tgeorge/anaconda3/lib/python3.8/site-packages/scipy/optimize/minpack.py:828: OptimizeWarning: Covariance of the parameters could not be estimated
  warnings.warn('Covariance of the parameters could not be estimated',
/nfs/nhome/live/tgeorge/anaconda3/lib/python3.8/site-packages/scipy/optimize/minpack.py:828: OptimizeWarning: Covariance of the parameters could not be estimated
  warnings.warn('Covariance of the parameters could not be estimated',
/nfs/nhome/live/tgeorge/anaconda3/lib/python3.8/site-packages/scipy/optimize/minpack.py:828: OptimizeWarning: Covariance of the parameters could not be estimated
  warnings.warn('Covariance of the parameters could not be estimated',
/nfs/nhome/live/tgeorge/anaconda3/lib/python3.8/site-packages/scipy/optimize/minpack.py:828: OptimizeWarning: Covariance of the parameters could not be estimated
  warnings.warn('Covariance of the parameters could not be estimated',
/nfs/nhome/live/tgeorge/anaconda3/lib/python3.8/site-packages/scipy/optimize/minpack.py:828: OptimizeWarning: Covariance of the parameters could not be estimated
  warnings.warn('Covariance of the parameters could not be estimated',
/nfs/nhome/live/tgeorge/anaconda3/lib/python3.8/site-packages/scipy/optimize/minpack.py:828: OptimizeWarning: Covariance of the parameters could not be estimated
  warnings.warn('Covariance of the parameters could not be estimated',
/nfs/nhome/live/tgeorge/anaconda3/lib/python3.8/site-packages/scipy/optimize/minpack.py:828: OptimizeWarning: Covariance of the parameters could not be estimated
  warnings.warn('Covariance of the parameters could not be estimated',
/nfs/nhome/live/tgeorge/anaconda3/lib/python3.8/site-packages/scipy/optimize/minpack.py:828: OptimizeWarning: Covariance of the parameters could not be estimated
  warnings.warn('Covariance of the parameters could not be estimated',
/nfs/nhome/live/tgeorge/anaconda3/lib/python3.8/site-packages/scipy/optimize/minpack.py:828: OptimizeWarning: Covariance of the parameters could not be estimated
  warnings.warn('Covariance of the parameters could not be estimated',
/nfs/nhome/live/tgeorge/anaconda3/lib/python3.8/site-packages/scipy/optimize/minpack.py:828: OptimizeWarning: Covariance of the parameters could not be estimated
  warnings.warn('Covariance of the parameters could not be estimated',
/nfs/nhome/live/tgeorge/anaconda3/lib/python3.8/site-packages/scipy/optimize/minpack.py:828: OptimizeWarning: Covariance of the parameters could not be estimated
  warnings.warn('Covariance of the parameters could not be estimated',
srun: Job step aborted: Waiting up to 32 seconds for job step to finish.
srun: Job step aborted: Waiting up to 32 seconds for job step to finish.
srun: Job step aborted: Waiting up to 32 seconds for job step to finish.
srun: Job step aborted: Waiting up to 32 seconds for job step to finish.
srun: Job step aborted: Waiting up to 32 seconds for job step to finish.
srun: Job step aborted: Waiting up to 32 seconds for job step to finish.
srun: Job step aborted: Waiting up to 32 seconds for job step to finish.
srun: Job step aborted: Waiting up to 32 seconds for job step to finish.
srun: Job step aborted: Waiting up to 32 seconds for job step to finish.
srun: Job step aborted: Waiting up to 32 seconds for job step to finish.
srun: Job step aborted: Waiting up to 32 seconds for job step to finish.
srun: Job step aborted: Waiting up to 32 seconds for job step to finish.
srun: Job step aborted: Waiting up to 32 seconds for job step to finish.
srun: Job step aborted: Waiting up to 32 seconds for job step to finish.
srun: Job step aborted: Waiting up to 32 seconds for job step to finish.
srun: Job step aborted: Waiting up to 32 seconds for job step to finish.
srun: Job step aborted: Waiting up to 32 seconds for job step to finish.
srun: Job step aborted: Waiting up to 32 seconds for job step to finish.
srun: Job step aborted: Waiting up to 32 seconds for job step to finish.
srun: Job step aborted: Waiting up to 32 seconds for job step to finish.
srun: Job step aborted: Waiting up to 32 seconds for job step to finish.
srun: Job step aborted: Waiting up to 32 seconds for job step to finish.
srun: Job step aborted: Waiting up to 32 seconds for job step to finish.
srun: Job step aborted: Waiting up to 32 seconds for job step to finish.
srun: Job step aborted: Waiting up to 32 seconds for job step to finish.
srun: Job step aborted: Waiting up to 32 seconds for job step to finish.
srun: Job step aborted: Waiting up to 32 seconds for job step to finish.
srun: Job step aborted: Waiting up to 32 seconds for job step to finish.
srun: Job step aborted: Waiting up to 32 seconds for job step to finish.
srun: Job step aborted: Waiting up to 32 seconds for job step to finish.
srun: Job step aborted: Waiting up to 32 seconds for job step to finish.
srun: Job step aborted: Waiting up to 32 seconds for job step to finish.
srun: Job step aborted: Waiting up to 32 seconds for job step to finish.
srun: Job step aborted: Waiting up to 32 seconds for job step to finish.
srun: Job step aborted: Waiting up to 32 seconds for job step to finish.
srun: Job step aborted: Waiting up to 32 seconds for job step to finish.
srun: Job step aborted: Waiting up to 32 seconds for job step to finish.
srun: Job step aborted: Waiting up to 32 seconds for job step to finish.
srun: Job step aborted: Waiting up to 32 seconds for job step to finish.
srun: Job step aborted: Waiting up to 32 seconds for job step to finish.
srun: Job step aborted: Waiting up to 32 seconds for job step to finish.
srun: Job step aborted: Waiting up to 32 seconds for job step to finish.
srun: Job step aborted: Waiting up to 32 seconds for job step to finish.
srun: Job step aborted: Waiting up to 32 seconds for job step to finish.
srun: Job step aborted: Waiting up to 32 seconds for job step to finish.
srun: Job step aborted: Waiting up to 32 seconds for job step to finish.
srun: Job step aborted: Waiting up to 32 seconds for job step to finish.
srun: Job step aborted: Waiting up to 32 seconds for job step to finish.
srun: Job step aborted: Waiting up to 32 seconds for job step to finish.
srun: Job step aborted: Waiting up to 32 seconds for job step to finish.
srun: Job step aborted: Waiting up to 32 seconds for job step to finish.
srun: Job step aborted: Waiting up to 32 seconds for job step to finish.
srun: Job step aborted: Waiting up to 32 seconds for job step to finish.
srun: Job step aborted: Waiting up to 32 seconds for job step to finish.
srun: Job step aborted: Waiting up to 32 seconds for job step to finish.
srun: Job step aborted: Waiting up to 32 seconds for job step to finish.
srun: Job step aborted: Waiting up to 32 seconds for job step to finish.
srun: Job step aborted: Waiting up to 32 seconds for job step to finish.
srun: Job step aborted: Waiting up to 32 seconds for job step to finish.
srun: Job step aborted: Waiting up to 32 seconds for job step to finish.
srun: Job step aborted: Waiting up to 32 seconds for job step to finish.
srun: Job step aborted: Waiting up to 32 seconds for job step to finish.
srun: Job step aborted: Waiting up to 32 seconds for job step to finish.
srun: Job step aborted: Waiting up to 32 seconds for job step to finish.
srun: Job step aborted: Waiting up to 32 seconds for job step to finish.
srun: Job step aborted: Waiting up to 32 seconds for job step to finish.
srun: Job step aborted: Waiting up to 32 seconds for job step to finish.
srun: Job step aborted: Waiting up to 32 seconds for job step to finish.
srun: Job step aborted: Waiting up to 32 seconds for job step to finish.
srun: Job step aborted: Waiting up to 32 seconds for job step to finish.
srun: Job step aborted: Waiting up to 32 seconds for job step to finish.
srun: Job step aborted: Waiting up to 32 seconds for job step to finish.
srun: Job step aborted: Waiting up to 32 seconds for job step to finish.
srun: Job step aborted: Waiting up to 32 seconds for job step to finish.
srun: Job step aborted: Waiting up to 32 seconds for job step to finish.
srun: Job step aborted: Waiting up to 32 seconds for job step to finish.
srun: Job step aborted: Waiting up to 32 seconds for job step to finish.
srun: Job step aborted: Waiting up to 32 seconds for job step to finish.
srun: Job step aborted: Waiting up to 32 seconds for job step to finish.
srun: Job step aborted: Waiting up to 32 seconds for job step to finish.
srun: Job step aborted: Waiting up to 32 seconds for job step to finish.
srun: Job step aborted: Waiting up to 32 seconds for job step to finish.
srun: Job step aborted: Waiting up to 32 seconds for job step to finish.
srun: Job step aborted: Waiting up to 32 seconds for job step to finish.
srun: Job step aborted: Waiting up to 32 seconds for job step to finish.
srun: Job step aborted: Waiting up to 32 seconds for job step to finish.
srun: Job step aborted: Waiting up to 32 seconds for job step to finish.
srun: Job step aborted: Waiting up to 32 seconds for job step to finish.
srun: Job step aborted: Waiting up to 32 seconds for job step to finish.
srun: Job step aborted: Waiting up to 32 seconds for job step to finish.
srun: Job step aborted: Waiting up to 32 seconds for job step to finish.
srun: Job step aborted: Waiting up to 32 seconds for job step to finish.
srun: Job step aborted: Waiting up to 32 seconds for job step to finish.
srun: Job step aborted: Waiting up to 32 seconds for job step to finish.
srun: Job step aborted: Waiting up to 32 seconds for job step to finish.
srun: Job step aborted: Waiting up to 32 seconds for job step to finish.
srun: Job step aborted: Waiting up to 32 seconds for job step to finish.
srun: Job step aborted: Waiting up to 32 seconds for job step to finish.
srun: Job step aborted: Waiting up to 32 seconds for job step to finish.
srun: Job step aborted: Waiting up to 32 seconds for job step to finish.
srun: Job step aborted: Waiting up to 32 seconds for job step to finish.
srun: Job step aborted: Waiting up to 32 seconds for job step to finish.
srun: Job step aborted: Waiting up to 32 seconds for job step to finish.
srun: Job step aborted: Waiting up to 32 seconds for job step to finish.
srun: Job step aborted: Waiting up to 32 seconds for job step to finish.
srun: Job step aborted: Waiting up to 32 seconds for job step to finish.
srun: Job step aborted: Waiting up to 32 seconds for job step to finish.
srun: Job step aborted: Waiting up to 32 seconds for job step to finish.
srun: Job step aborted: Waiting up to 32 seconds for job step to finish.
srun: Job step aborted: Waiting up to 32 seconds for job step to finish.
srun: Job step aborted: Waiting up to 32 seconds for job step to finish.
srun: Job step aborted: Waiting up to 32 seconds for job step to finish.
srun: Job step aborted: Waiting up to 32 seconds for job step to finish.
srun: Job step aborted: Waiting up to 32 seconds for job step to finish.
srun: Job step aborted: Waiting up to 32 seconds for job step to finish.
srun: Job step aborted: Waiting up to 32 seconds for job step to finish.
srun: Job step aborted: Waiting up to 32 seconds for job step to finish.
srun: Job step aborted: Waiting up to 32 seconds for job step to finish.
srun: Job step aborted: Waiting up to 32 seconds for job step to finish.
srun: Job step aborted: Waiting up to 32 seconds for job step to finish.
srun: Job step aborted: Waiting up to 32 seconds for job step to finish.
srun: Job step aborted: Waiting up to 32 seconds for job step to finish.
srun: Job step aborted: Waiting up to 32 seconds for job step to finish.
srun: Job step aborted: Waiting up to 32 seconds for job step to finish.
srun: Job step aborted: Waiting up to 32 seconds for job step to finish.
srun: Job step aborted: Waiting up to 32 seconds for job step to finish.
srun: Job step aborted: Waiting up to 32 seconds for job step to finish.
srun: Job step aborted: Waiting up to 32 seconds for job step to finish.
srun: Job step aborted: Waiting up to 32 seconds for job step to finish.
srun: Job step aborted: Waiting up to 32 seconds for job step to finish.
srun: Job step aborted: Waiting up to 32 seconds for job step to finish.
srun: Job step aborted: Waiting up to 32 seconds for job step to finish.
srun: Job step aborted: Waiting up to 32 seconds for job step to finish.
srun: Job step aborted: Waiting up to 32 seconds for job step to finish.
srun: Job step aborted: Waiting up to 32 seconds for job step to finish.
srun: Job step aborted: Waiting up to 32 seconds for job step to finish.
srun: Job step aborted: Waiting up to 32 seconds for job step to finish.
srun: Job step aborted: Waiting up to 32 seconds for job step to finish.
srun: Job step aborted: Waiting up to 32 seconds for job step to finish.
srun: Job step aborted: Waiting up to 32 seconds for job step to finish.
srun: Job step aborted: Waiting up to 32 seconds for job step to finish.
srun: Job step aborted: Waiting up to 32 seconds for job step to finish.
srun: Job step aborted: Waiting up to 32 seconds for job step to finish.
srun: Job step aborted: Waiting up to 32 seconds for job step to finish.
srun: Job step aborted: Waiting up to 32 seconds for job step to finish.
srun: Job step aborted: Waiting up to 32 seconds for job step to finish.
srun: Job step aborted: Waiting up to 32 seconds for job step to finish.
srun: Job step aborted: Waiting up to 32 seconds for job step to finish.
srun: Job step aborted: Waiting up to 32 seconds for job step to finish.
srun: Job step aborted: Waiting up to 32 seconds for job step to finish.
srun: Job step aborted: Waiting up to 32 seconds for job step to finish.
srun: Job step aborted: Waiting up to 32 seconds for job step to finish.
srun: Job step aborted: Waiting up to 32 seconds for job step to finish.
srun: Job step aborted: Waiting up to 32 seconds for job step to finish.
srun: Job step aborted: Waiting up to 32 seconds for job step to finish.
srun: Job step aborted: Waiting up to 32 seconds for job step to finish.
srun: Job step aborted: Waiting up to 32 seconds for job step to finish.
srun: Job step aborted: Waiting up to 32 seconds for job step to finish.
srun: Job step aborted: Waiting up to 32 seconds for job step to finish.
srun: Job step aborted: Waiting up to 32 seconds for job step to finish.
srun: got SIGCONT
srun: got SIGCONT
srun: got SIGCONT
srun: got SIGCONT
srun: got SIGCONT
srun: got SIGCONT
srun: got SIGCONT
srun: got SIGCONT
srun: got SIGCONT
srun: got SIGCONT
srun: got SIGCONT
srun: got SIGCONT
srun: got SIGCONT
srun: got SIGCONT
srun: got SIGCONT
srun: got SIGCONT
srun: got SIGCONT
srun: got SIGCONT
srun: got SIGCONT
srun: got SIGCONT
srun: got SIGCONT
srun: got SIGCONT
srun: got SIGCONT
srun: got SIGCONT
srun: got SIGCONT
srun: got SIGCONT
srun: got SIGCONT
srun: got SIGCONT
srun: got SIGCONT
srun: got SIGCONT
srun: got SIGCONT
srun: got SIGCONT
srun: got SIGCONT
srun: got SIGCONT
srun: got SIGCONT
srun: got SIGCONT
srun: got SIGCONT
srun: got SIGCONT
srun: got SIGCONT
srun: got SIGCONT
srun: got SIGCONT
srun: got SIGCONT
srun: got SIGCONT
srun: got SIGCONT
srun: got SIGCONT
srun: got SIGCONT
srun: got SIGCONT
srun: got SIGCONT
srun: got SIGCONT
srun: got SIGCONT
srun: got SIGCONT
srun: got SIGCONT
srun: got SIGCONT
srun: got SIGCONT
srun: got SIGCONT
srun: got SIGCONT
srun: got SIGCONT
srun: got SIGCONT
srun: got SIGCONT
srun: got SIGCONT
srun: got SIGCONT
srun: got SIGCONT
srun: got SIGCONT
srun: got SIGCONT
srun: got SIGCONT
srun: got SIGCONT
srun: got SIGCONT
srun: got SIGCONT
srun: got SIGCONT
srun: got SIGCONT
srun: got SIGCONT
srun: got SIGCONT
srun: got SIGCONT
srun: got SIGCONT
srun: got SIGCONT
srun: got SIGCONT
srun: got SIGCONT
srun: got SIGCONT
srun: got SIGCONT
srun: got SIGCONT
srun: got SIGCONT
srun: got SIGCONT
srun: got SIGCONT
srun: got SIGCONT
srun: got SIGCONT
srun: got SIGCONT
srun: got SIGCONT
srun: got SIGCONT
srun: got SIGCONT
srun: got SIGCONT
srun: got SIGCONT
srun: got SIGCONT
srun: got SIGCONT
srun: got SIGCONT
srun: got SIGCONT
srun: got SIGCONT
srun: got SIGCONT
srun: got SIGCONT
srun: got SIGCONT
srun: got SIGCONT
srun: got SIGCONT
srun: got SIGCONT
srun: got SIGCONT
srun: got SIGCONT
srun: got SIGCONT
srun: got SIGCONT
srun: got SIGCONT
srun: got SIGCONT
srun: got SIGCONT
srun: got SIGCONT
srun: got SIGCONT
srun: got SIGCONT
srun: got SIGCONT
srun: got SIGCONT
srun: got SIGCONT
srun: got SIGCONT
srun: got SIGCONT
srun: got SIGCONT
srun: got SIGCONT
srun: got SIGCONT
srun: got SIGCONT
srun: got SIGCONT
srun: got SIGCONT
srun: got SIGCONT
srun: got SIGCONT
srun: got SIGCONT
srun: got SIGCONT
srun: got SIGCONT
srun: got SIGCONT
srun: got SIGCONT
srun: got SIGCONT
srun: got SIGCONT
srun: got SIGCONT
srun: got SIGCONT
srun: got SIGCONT
srun: got SIGCONT
srun: got SIGCONT
srun: got SIGCONT
srun: got SIGCONT
srun: got SIGCONT
srun: got SIGCONT
srun: got SIGCONT
srun: got SIGCONT
srun: got SIGCONT
srun: got SIGCONT
srun: got SIGCONT
srun: got SIGCONT
srun: got SIGCONT
srun: got SIGCONT
srun: got SIGCONT
srun: got SIGCONT
srun: got SIGCONT
srun: got SIGCONT
srun: got SIGCONT
srun: got SIGCONT
srun: got SIGCONT
srun: got SIGCONT
srun: got SIGCONT
srun: got SIGCONT
srun: got SIGCONT
slurmstepd-enc0-node3: error: *** STEP 1516775.52 ON enc0-node3 CANCELLED AT 2021-10-12T23:15:16 ***
slurmstepd-enc0-node6: error: *** STEP 1516775.85 ON enc0-node6 CANCELLED AT 2021-10-12T23:15:16 ***
slurmstepd-enc0-node3: error: *** STEP 1516775.1 ON enc0-node3 CANCELLED AT 2021-10-12T23:15:16 ***
slurmstepd-enc0-node3: error: *** STEP 1516775.55 ON enc0-node3 CANCELLED AT 2021-10-12T23:15:16 ***
slurmstepd-enc0-node5: error: *** STEP 1516775.72 ON enc0-node5 CANCELLED AT 2021-10-12T23:15:16 ***
slurmstepd-enc0-node3: error: *** STEP 1516775.59 ON enc0-node3 CANCELLED AT 2021-10-12T23:15:16 ***
slurmstepd-enc0-node4: error: *** STEP 1516775.68 ON enc0-node4 CANCELLED AT 2021-10-12T23:15:16 ***
slurmstepd-enc0-node6: error: *** STEP 1516775.79 ON enc0-node6 CANCELLED AT 2021-10-12T23:15:16 ***
slurmstepd-enc0-node5: error: *** STEP 1516775.70 ON enc0-node5 CANCELLED AT 2021-10-12T23:15:16 ***
slurmstepd-enc0-node6: error: *** STEP 1516775.87 ON enc0-node6 CANCELLED AT 2021-10-12T23:15:16 ***
slurmstepd-enc0-node3: error: *** STEP 1516775.60 ON enc0-node3 CANCELLED AT 2021-10-12T23:15:16 ***
slurmstepd-enc0-node4: error: *** STEP 1516775.69 ON enc0-node4 CANCELLED AT 2021-10-12T23:15:16 ***
slurmstepd-enc0-node3: error: *** STEP 1516775.58 ON enc0-node3 CANCELLED AT 2021-10-12T23:15:16 ***
slurmstepd-enc0-node5: error: *** STEP 1516775.71 ON enc0-node5 CANCELLED AT 2021-10-12T23:15:16 ***
slurmstepd-enc0-node4: error: *** STEP 1516775.64 ON enc0-node4 CANCELLED AT 2021-10-12T23:15:16 ***
slurmstepd-enc0-node4: error: *** STEP 1516775.67 ON enc0-node4 CANCELLED AT 2021-10-12T23:15:16 ***
slurmstepd-enc0-node6: error: *** STEP 1516775.83 ON enc0-node6 CANCELLED AT 2021-10-12T23:15:16 ***
slurmstepd-enc0-node5: error: *** STEP 1516775.74 ON enc0-node5 CANCELLED AT 2021-10-12T23:15:16 ***
slurmstepd-enc0-node4: error: *** STEP 1516775.66 ON enc0-node4 CANCELLED AT 2021-10-12T23:15:16 ***
slurmstepd-enc0-node3: error: *** STEP 1516775.54 ON enc0-node3 CANCELLED AT 2021-10-12T23:15:16 ***
slurmstepd-enc0-node6: error: *** STEP 1516775.82 ON enc0-node6 CANCELLED AT 2021-10-12T23:15:16 ***
srun: error: enc0-node3: task 0: Terminated
slurmstepd-enc0-node5: error: *** STEP 1516775.77 ON enc0-node5 CANCELLED AT 2021-10-12T23:15:16 ***
slurmstepd-enc0-node6: error: *** STEP 1516775.84 ON enc0-node6 CANCELLED AT 2021-10-12T23:15:16 ***
srun: error: enc0-node6: task 0: Terminated
slurmstepd-enc0-node5: error: *** STEP 1516775.78 ON enc0-node5 CANCELLED AT 2021-10-12T23:15:16 ***
slurmstepd-enc0-node3: error: *** STEP 1516775.57 ON enc0-node3 CANCELLED AT 2021-10-12T23:15:16 ***
srun: error: enc0-node6: task 0: Terminated
srun: error: enc0-node5: task 0: Terminated
srun: error: enc0-node3: task 0: Terminated
srun: error: enc0-node3: task 0: Terminated
slurmstepd-enc0-node6: error: *** STEP 1516775.4 ON enc0-node6 CANCELLED AT 2021-10-12T23:15:16 ***
srun: error: enc0-node3: task 0: Terminated
srun: error: enc0-node3: task 0: Terminated
srun: error: enc0-node3: task 0: Terminated
slurmstepd-enc0-node3: error: *** STEP 1516775.56 ON enc0-node3 CANCELLED AT 2021-10-12T23:15:16 ***
srun: error: enc0-node6: task 0: Terminated
slurmstepd-enc0-node5: error: *** STEP 1516775.76 ON enc0-node5 CANCELLED AT 2021-10-12T23:15:16 ***
slurmstepd-enc0-node4: error: *** STEP 1516775.61 ON enc0-node4 CANCELLED AT 2021-10-12T23:15:16 ***
srun: error: enc0-node5: task 0: Terminated
srun: error: enc0-node4: task 0: Terminated
slurmstepd-enc0-node3: error: *** STEP 1516775.53 ON enc0-node3 CANCELLED AT 2021-10-12T23:15:16 ***
slurmstepd-enc0-node6: error: *** STEP 1516775.86 ON enc0-node6 CANCELLED AT 2021-10-12T23:15:16 ***
slurmstepd-enc0-node5: error: *** STEP 1516775.75 ON enc0-node5 CANCELLED AT 2021-10-12T23:15:16 ***
srun: error: enc0-node5: task 0: Terminated
slurmstepd-enc0-node6: error: *** STEP 1516775.80 ON enc0-node6 CANCELLED AT 2021-10-12T23:15:16 ***
slurmstepd-enc0-node5: error: *** STEP 1516775.73 ON enc0-node5 CANCELLED AT 2021-10-12T23:15:16 ***
srun: error: enc0-node4: task 0: Terminated
srun: error: enc0-node4: task 0: Terminated
slurmstepd-enc0-node6: error: *** STEP 1516775.81 ON enc0-node6 CANCELLED AT 2021-10-12T23:15:16 ***
srun: error: enc0-node4: task 0: Terminated
slurmstepd-enc0-node5: error: *** STEP 1516775.3 ON enc0-node5 CANCELLED AT 2021-10-12T23:15:16 ***
slurmstepd-enc0-node4: error: *** STEP 1516775.2 ON enc0-node4 CANCELLED AT 2021-10-12T23:15:16 ***
slurmstepd-enc0-node4: error: *** STEP 1516775.63 ON enc0-node4 CANCELLED AT 2021-10-12T23:15:16 ***
slurmstepd-enc0-node4: error: *** STEP 1516775.65 ON enc0-node4 CANCELLED AT 2021-10-12T23:15:16 ***
slurmstepd-enc0-node4: error: *** STEP 1516775.62 ON enc0-node4 CANCELLED AT 2021-10-12T23:15:16 ***
srun: error: enc0-node3: task 0: Terminated
srun: error: enc0-node5: task 0: Terminated
srun: error: enc0-node4: task 0: Terminated
srun: error: enc0-node6: task 0: Terminated
srun: error: enc0-node3: task 0: Terminated
srun: error: enc0-node4: task 0: Terminated
srun: error: enc0-node3: task 0: Terminated
srun: error: enc0-node3: task 0: Terminated
srun: error: enc0-node6: task 0: Terminated
srun: error: enc0-node5: task 0: Terminated
srun: error: enc0-node6: task 0: Terminated
srun: error: enc0-node6: task 0: Terminated
srun: error: enc0-node5: task 0: Terminated
srun: error: enc0-node6: task 0: Terminated
srun: error: enc0-node4: task 0: Terminated
srun: error: enc0-node5: task 0: Terminated
srun: error: enc0-node6: task 0: Terminated
srun: error: enc0-node6: task 0: Terminated
srun: error: enc0-node4: task 0: Terminated
srun: error: enc0-node5: task 0: Terminated
srun: error: enc0-node5: task 0: Terminated
srun: error: enc0-node5: task 0: Terminated
srun: error: enc0-node4: task 0: Terminated
srun: error: enc0-node4: task 0: Terminated
slurmstepd-enc1-node1: error: *** STEP 1516775.113 ON enc1-node1 CANCELLED AT 2021-10-12T23:15:16 ***
slurmstepd-enc1-node3: error: *** STEP 1516775.139 ON enc1-node3 CANCELLED AT 2021-10-12T23:15:16 ***
slurmstepd-enc1-node4: error: *** STEP 1516775.169 ON enc1-node4 CANCELLED AT 2021-10-12T23:15:16 ***
slurmstepd-enc1-node1: error: *** STEP 1516775.108 ON enc1-node1 CANCELLED AT 2021-10-12T23:15:16 ***
slurmstepd-enc1-node3: error: *** STEP 1516775.135 ON enc1-node3 CANCELLED AT 2021-10-12T23:15:16 ***
slurmstepd-enc1-node6: error: *** STEP 1516775.205 ON enc1-node6 CANCELLED AT 2021-10-12T23:15:17 ***
slurmstepd-enc1-node1: error: *** STEP 1516775.98 ON enc1-node1 CANCELLED AT 2021-10-12T23:15:17 ***
slurmstepd-enc1-node4: error: *** STEP 1516775.165 ON enc1-node4 CANCELLED AT 2021-10-12T23:15:17 ***
slurmstepd-enc1-node1: error: *** STEP 1516775.97 ON enc1-node1 CANCELLED AT 2021-10-12T23:15:17 ***
slurmstepd-enc1-node3: error: *** STEP 1516775.146 ON enc1-node3 CANCELLED AT 2021-10-12T23:15:17 ***
slurmstepd-enc1-node1: error: *** STEP 1516775.111 ON enc1-node1 CANCELLED AT 2021-10-12T23:15:17 ***
slurmstepd-enc1-node3: error: *** STEP 1516775.137 ON enc1-node3 CANCELLED AT 2021-10-12T23:15:17 ***
slurmstepd-enc1-node1: error: *** STEP 1516775.106 ON enc1-node1 CANCELLED AT 2021-10-12T23:15:17 ***
slurmstepd-enc1-node3: error: *** STEP 1516775.142 ON enc1-node3 CANCELLED AT 2021-10-12T23:15:17 ***
slurmstepd-enc1-node1: error: *** STEP 1516775.107 ON enc1-node1 CANCELLED AT 2021-10-12T23:15:17 ***
slurmstepd-enc0-node2: error: *** STEP 1516775.40 ON enc0-node2 CANCELLED AT 2021-10-12T23:15:17 ***
slurmstepd-enc1-node6: error: *** STEP 1516775.192 ON enc1-node6 CANCELLED AT 2021-10-12T23:15:17 ***
slurmstepd-enc1-node4: error: *** STEP 1516775.164 ON enc1-node4 CANCELLED AT 2021-10-12T23:15:17 ***
slurmstepd-enc0-node2: error: *** STEP 1516775.46 ON enc0-node2 CANCELLED AT 2021-10-12T23:15:17 ***
slurmstepd-enc1-node3: error: *** STEP 1516775.150 ON enc1-node3 CANCELLED AT 2021-10-12T23:15:17 ***
slurmstepd-enc1-node3: error: *** STEP 1516775.8 ON enc1-node3 CANCELLED AT 2021-10-12T23:15:17 ***
slurmstepd-enc1-node4: error: *** STEP 1516775.154 ON enc1-node4 CANCELLED AT 2021-10-12T23:15:17 ***
slurmstepd-enc1-node3: error: *** STEP 1516775.140 ON enc1-node3 CANCELLED AT 2021-10-12T23:15:17 ***
slurmstepd-enc1-node6: error: *** STEP 1516775.204 ON enc1-node6 CANCELLED AT 2021-10-12T23:15:17 ***
slurmstepd-enc1-node3: error: *** STEP 1516775.147 ON enc1-node3 CANCELLED AT 2021-10-12T23:15:17 ***
slurmstepd-enc0-node2: error: *** STEP 1516775.42 ON enc0-node2 CANCELLED AT 2021-10-12T23:15:17 ***
slurmstepd-enc1-node6: error: *** STEP 1516775.11 ON enc1-node6 CANCELLED AT 2021-10-12T23:15:17 ***
slurmstepd-enc0-node2: error: *** STEP 1516775.35 ON enc0-node2 CANCELLED AT 2021-10-12T23:15:17 ***
slurmstepd-enc1-node1: error: *** STEP 1516775.100 ON enc1-node1 CANCELLED AT 2021-10-12T23:15:17 ***
srun: error: enc1-node1: task 0: Terminated
slurmstepd-enc1-node1: error: *** STEP 1516775.99 ON enc1-node1 CANCELLED AT 2021-10-12T23:15:17 ***
slurmstepd-enc0-node2: error: *** STEP 1516775.34 ON enc0-node2 CANCELLED AT 2021-10-12T23:15:17 ***
slurmstepd-enc1-node1: error: *** STEP 1516775.103 ON enc1-node1 CANCELLED AT 2021-10-12T23:15:17 ***
srun: error: enc1-node1: task 0: Terminated
srun: error: enc1-node1: task 0: Terminated
srun: error: enc1-node1: task 0: Terminated
srun: error: enc1-node1: task 0: Terminated
srun: error: enc1-node1: task 0: Terminated
slurmstepd-enc0-node2: error: *** STEP 1516775.47 ON enc0-node2 CANCELLED AT 2021-10-12T23:15:17 ***
slurmstepd-enc0-node2: error: *** STEP 1516775.36 ON enc0-node2 CANCELLED AT 2021-10-12T23:15:17 ***
slurmstepd-enc1-node6: error: *** STEP 1516775.208 ON enc1-node6 CANCELLED AT 2021-10-12T23:15:17 ***
slurmstepd-enc1-node1: error: *** STEP 1516775.6 ON enc1-node1 CANCELLED AT 2021-10-12T23:15:17 ***
srun: error: enc1-node6: task 0: Terminated
slurmstepd-enc1-node4: error: *** STEP 1516775.159 ON enc1-node4 CANCELLED AT 2021-10-12T23:15:17 ***
slurmstepd-enc1-node6: error: *** STEP 1516775.195 ON enc1-node6 CANCELLED AT 2021-10-12T23:15:17 ***
slurmstepd-enc1-node1: error: *** STEP 1516775.114 ON enc1-node1 CANCELLED AT 2021-10-12T23:15:17 ***
srun: error: enc1-node4: task 0: Terminated
slurmstepd-enc1-node6: error: *** STEP 1516775.209 ON enc1-node6 CANCELLED AT 2021-10-12T23:15:17 ***
slurmstepd-enc1-node4: error: *** STEP 1516775.155 ON enc1-node4 CANCELLED AT 2021-10-12T23:15:17 ***
slurmstepd-enc1-node1: error: *** STEP 1516775.104 ON enc1-node1 CANCELLED AT 2021-10-12T23:15:17 ***
srun: error: enc1-node6: task 0: Terminated
srun: error: enc1-node6: task 0: Terminated
slurmstepd-enc1-node4: error: *** STEP 1516775.158 ON enc1-node4 CANCELLED AT 2021-10-12T23:15:17 ***
slurmstepd-enc1-node6: error: *** STEP 1516775.193 ON enc1-node6 CANCELLED AT 2021-10-12T23:15:17 ***
srun: error: enc1-node4: task 0: Terminated
srun: error: enc1-node4: task 0: Terminated
slurmstepd-enc1-node1: error: *** STEP 1516775.105 ON enc1-node1 CANCELLED AT 2021-10-12T23:15:17 ***
srun: error: enc1-node4: task 0: Terminated
slurmstepd-enc1-node3: error: *** STEP 1516775.153 ON enc1-node3 CANCELLED AT 2021-10-12T23:15:17 ***
slurmstepd-enc1-node4: error: *** STEP 1516775.156 ON enc1-node4 CANCELLED AT 2021-10-12T23:15:17 ***
srun: error: enc1-node3: task 0: Terminated
srun: error: enc1-node3: task 0: Terminated
slurmstepd-enc1-node6: error: *** STEP 1516775.202 ON enc1-node6 CANCELLED AT 2021-10-12T23:15:17 ***
slurmstepd-enc1-node1: error: *** STEP 1516775.112 ON enc1-node1 CANCELLED AT 2021-10-12T23:15:17 ***
slurmstepd-enc1-node3: error: *** STEP 1516775.151 ON enc1-node3 CANCELLED AT 2021-10-12T23:15:17 ***
slurmstepd-enc1-node4: error: *** STEP 1516775.9 ON enc1-node4 CANCELLED AT 2021-10-12T23:15:17 ***
slurmstepd-enc1-node1: error: *** STEP 1516775.110 ON enc1-node1 CANCELLED AT 2021-10-12T23:15:17 ***
slurmstepd-enc1-node6: error: *** STEP 1516775.197 ON enc1-node6 CANCELLED AT 2021-10-12T23:15:17 ***
srun: error: enc1-node3: task 0: Terminated
srun: error: enc1-node3: task 0: Terminated
slurmstepd-enc1-node3: error: *** STEP 1516775.145 ON enc1-node3 CANCELLED AT 2021-10-12T23:15:17 ***
srun: error: enc1-node3: task 0: Terminated
srun: error: enc1-node3: task 0: Terminated
slurmstepd-enc1-node1: error: *** STEP 1516775.102 ON enc1-node1 CANCELLED AT 2021-10-12T23:15:17 ***
srun: error: enc1-node3: task 0: Terminated
srun: error: enc1-node3: task 0: Terminated
slurmstepd-enc1-node4: error: *** STEP 1516775.163 ON enc1-node4 CANCELLED AT 2021-10-12T23:15:17 ***
slurmstepd-enc1-node6: error: *** STEP 1516775.201 ON enc1-node6 CANCELLED AT 2021-10-12T23:15:17 ***
slurmstepd-enc1-node3: error: *** STEP 1516775.152 ON enc1-node3 CANCELLED AT 2021-10-12T23:15:17 ***
slurmstepd-enc1-node1: error: *** STEP 1516775.101 ON enc1-node1 CANCELLED AT 2021-10-12T23:15:17 ***
slurmstepd-enc1-node3: error: *** STEP 1516775.141 ON enc1-node3 CANCELLED AT 2021-10-12T23:15:17 ***
slurmstepd-enc1-node4: error: *** STEP 1516775.168 ON enc1-node4 CANCELLED AT 2021-10-12T23:15:17 ***
slurmstepd-enc1-node6: error: *** STEP 1516775.199 ON enc1-node6 CANCELLED AT 2021-10-12T23:15:17 ***
slurmstepd-enc1-node3: error: *** STEP 1516775.136 ON enc1-node3 CANCELLED AT 2021-10-12T23:15:17 ***
slurmstepd-enc1-node1: error: *** STEP 1516775.115 ON enc1-node1 CANCELLED AT 2021-10-12T23:15:17 ***
slurmstepd-enc1-node4: error: *** STEP 1516775.171 ON enc1-node4 CANCELLED AT 2021-10-12T23:15:17 ***
slurmstepd-enc1-node6: error: *** STEP 1516775.196 ON enc1-node6 CANCELLED AT 2021-10-12T23:15:17 ***
slurmstepd-enc1-node3: error: *** STEP 1516775.143 ON enc1-node3 CANCELLED AT 2021-10-12T23:15:17 ***
slurmstepd-enc1-node1: error: *** STEP 1516775.109 ON enc1-node1 CANCELLED AT 2021-10-12T23:15:17 ***
srun: error: enc1-node1: task 0: Terminated
slurmstepd-enc0-node1: error: *** STEP 1516775.30 ON enc0-node1 CANCELLED AT 2021-10-12T23:15:17 ***
slurmstepd-enc1-node4: error: *** STEP 1516775.167 ON enc1-node4 CANCELLED AT 2021-10-12T23:15:17 ***
slurmstepd-enc1-node6: error: *** STEP 1516775.206 ON enc1-node6 CANCELLED AT 2021-10-12T23:15:17 ***
slurmstepd-enc1-node3: error: *** STEP 1516775.149 ON enc1-node3 CANCELLED AT 2021-10-12T23:15:17 ***
slurmstepd-enc1-node3: error: *** STEP 1516775.148 ON enc1-node3 CANCELLED AT 2021-10-12T23:15:17 ***
srun: error: enc1-node1: task 0: Terminated
srun: error: enc1-node1: task 0: Terminated
slurmstepd-enc1-node6: error: *** STEP 1516775.194 ON enc1-node6 CANCELLED AT 2021-10-12T23:15:17 ***
slurmstepd-enc0-node2: error: *** STEP 1516775.44 ON enc0-node2 CANCELLED AT 2021-10-12T23:15:17 ***
slurmstepd-enc1-node3: error: *** STEP 1516775.138 ON enc1-node3 CANCELLED AT 2021-10-12T23:15:17 ***
slurmstepd-enc1-node6: error: *** STEP 1516775.210 ON enc1-node6 CANCELLED AT 2021-10-12T23:15:17 ***
slurmstepd-enc1-node3: error: *** STEP 1516775.144 ON enc1-node3 CANCELLED AT 2021-10-12T23:15:17 ***
srun: error: enc0-node2: task 0: Terminated
srun: error: enc1-node1: task 0: Terminated
slurmstepd-enc0-node2: error: *** STEP 1516775.41 ON enc0-node2 CANCELLED AT 2021-10-12T23:15:17 ***
slurmstepd-enc1-node6: error: *** STEP 1516775.203 ON enc1-node6 CANCELLED AT 2021-10-12T23:15:17 ***
slurmstepd-enc0-node2: error: *** STEP 1516775.37 ON enc0-node2 CANCELLED AT 2021-10-12T23:15:17 ***
slurmstepd-enc1-node6: error: *** STEP 1516775.207 ON enc1-node6 CANCELLED AT 2021-10-12T23:15:17 ***
srun: error: enc0-node2: task 0: Terminated
slurmstepd-enc1-node4: error: *** STEP 1516775.166 ON enc1-node4 CANCELLED AT 2021-10-12T23:15:17 ***
srun: error: enc0-node2: task 0: Terminated
srun: error: enc0-node2: task 0: Terminated
srun: error: enc0-node2: task 0: Terminated
srun: error: enc0-node2: task 0: Terminated
slurmstepd-enc1-node6: error: *** STEP 1516775.198 ON enc1-node6 CANCELLED AT 2021-10-12T23:15:17 ***
slurmstepd-enc1-node4: error: *** STEP 1516775.157 ON enc1-node4 CANCELLED AT 2021-10-12T23:15:17 ***
slurmstepd-enc0-node2: error: *** STEP 1516775.51 ON enc0-node2 CANCELLED AT 2021-10-12T23:15:17 ***
slurmstepd-enc0-node1: error: *** STEP 1516775.28 ON enc0-node1 CANCELLED AT 2021-10-12T23:15:17 ***
slurmstepd-enc1-node6: error: *** STEP 1516775.200 ON enc1-node6 CANCELLED AT 2021-10-12T23:15:17 ***
slurmstepd-enc1-node4: error: *** STEP 1516775.160 ON enc1-node4 CANCELLED AT 2021-10-12T23:15:17 ***
slurmstepd-enc0-node2: error: *** STEP 1516775.45 ON enc0-node2 CANCELLED AT 2021-10-12T23:15:17 ***
srun: error: enc1-node6: task 0: Terminated
slurmstepd-enc0-node2: error: *** STEP 1516775.43 ON enc0-node2 CANCELLED AT 2021-10-12T23:15:17 ***
slurmstepd-enc1-node4: error: *** STEP 1516775.162 ON enc1-node4 CANCELLED AT 2021-10-12T23:15:17 ***
slurmstepd-enc0-node2: error: *** STEP 1516775.38 ON enc0-node2 CANCELLED AT 2021-10-12T23:15:17 ***
slurmstepd-enc0-node1: error: *** STEP 1516775.17 ON enc0-node1 CANCELLED AT 2021-10-12T23:15:17 ***
slurmstepd-enc1-node4: error: *** STEP 1516775.161 ON enc1-node4 CANCELLED AT 2021-10-12T23:15:17 ***
slurmstepd-enc0-node2: error: *** STEP 1516775.33 ON enc0-node2 CANCELLED AT 2021-10-12T23:15:17 ***
srun: error: enc1-node4: task 0: Terminated
srun: error: enc1-node6: task 0: Terminated
slurmstepd-enc1-node4: error: *** STEP 1516775.172 ON enc1-node4 CANCELLED AT 2021-10-12T23:15:17 ***
slurmstepd-enc0-node1: error: *** STEP 1516775.21 ON enc0-node1 CANCELLED AT 2021-10-12T23:15:17 ***
slurmstepd-enc0-node2: error: *** STEP 1516775.50 ON enc0-node2 CANCELLED AT 2021-10-12T23:15:17 ***
slurmstepd-enc1-node4: error: *** STEP 1516775.170 ON enc1-node4 CANCELLED AT 2021-10-12T23:15:17 ***
slurmstepd-enc0-node2: error: *** STEP 1516775.49 ON enc0-node2 CANCELLED AT 2021-10-12T23:15:17 ***
srun: error: enc1-node4: task 0: Terminated
slurmstepd-enc0-node2: error: *** STEP 1516775.0 ON enc0-node2 CANCELLED AT 2021-10-12T23:15:17 ***
slurmstepd-enc0-node1: error: *** JOB 1516775 ON enc0-node1 CANCELLED AT 2021-10-12T23:15:17 ***
srun: error: enc1-node6: task 0: Terminated
slurmstepd-enc0-node2: error: *** STEP 1516775.48 ON enc0-node2 CANCELLED AT 2021-10-12T23:15:17 ***
slurmstepd-enc0-node2: error: *** STEP 1516775.39 ON enc0-node2 CANCELLED AT 2021-10-12T23:15:17 ***
srun: error: enc1-node3: task 0: Terminated
srun: forcing job termination
srun: forcing job termination
srun: forcing job termination
srun: forcing job termination
srun: forcing job termination
srun: forcing job termination
srun: forcing job termination
srun: forcing job termination
srun: forcing job termination
srun: forcing job termination
srun: forcing job termination
srun: forcing job termination
srun: forcing job termination
srun: error: enc1-node1: task 0: Terminated
srun: forcing job termination
srun: forcing job termination
srun: forcing job termination
srun: forcing job termination
srun: forcing job termination
srun: forcing job termination
srun: forcing job termination
srun: forcing job termination
srun: forcing job termination
srun: forcing job termination
srun: forcing job termination
srun: forcing job termination
srun: forcing job termination
srun: forcing job termination
srun: forcing job termination
srun: forcing job termination
srun: forcing job termination
srun: error: enc0-node2: task 0: Terminated
srun: forcing job termination
srun: forcing job termination
srun: forcing job termination
srun: forcing job termination
srun: forcing job termination
srun: forcing job termination
srun: forcing job termination
srun: forcing job termination
srun: forcing job termination
srun: forcing job termination
srun: forcing job termination
srun: forcing job termination
srun: forcing job termination
srun: forcing job termination
srun: forcing job termination
srun: forcing job termination
srun: forcing job termination
srun: forcing job termination
srun: forcing job termination
srun: forcing job termination
srun: error: enc1-node1: task 0: Terminated
srun: error: enc1-node4: task 0: Terminated
srun: forcing job termination
srun: forcing job termination
srun: forcing job termination
srun: forcing job termination
srun: forcing job termination
srun: forcing job termination
srun: forcing job termination
srun: forcing job termination
srun: forcing job termination
srun: forcing job termination
srun: forcing job termination
srun: forcing job termination
srun: forcing job termination
srun: forcing job termination
srun: forcing job termination
srun: forcing job termination
srun: forcing job termination
srun: forcing job termination
srun: forcing job termination
srun: forcing job termination
srun: forcing job termination
srun: forcing job termination
srun: forcing job termination
srun: forcing job termination
srun: forcing job termination
srun: forcing job termination
srun: forcing job termination
srun: forcing job termination
srun: forcing job termination
srun: forcing job termination
srun: forcing job termination
srun: forcing job termination
srun: forcing job termination
srun: forcing job termination
slurmstepd-enc0-node1: error: *** STEP 1516775.26 ON enc0-node1 CANCELLED AT 2021-10-12T23:15:17 ***
srun: error: enc1-node6: task 0: Terminated
srun: error: enc1-node1: task 0: Terminated
srun: error: enc1-node4: task 0: Terminated
srun: error: enc1-node6: task 0: Terminated
srun: error: enc1-node1: task 0: Terminated
srun: error: enc1-node1: task 0: Terminated
srun: error: enc1-node4: task 0: Terminated
srun: error: enc1-node6: task 0: Terminated
srun: error: enc1-node3: task 0: Terminated
srun: error: enc0-node2: task 0: Terminated
srun: error: enc1-node1: task 0: Terminated
srun: error: enc1-node1: task 0: Terminated
srun: error: enc1-node3: task 0: Terminated
srun: error: enc1-node3: task 0: Terminated
srun: error: enc1-node1: task 0: Terminated
srun: error: enc1-node6: task 0: Terminated
srun: error: enc1-node1: task 0: Terminated
srun: error: enc1-node1: task 0: Terminated
srun: error: enc1-node4: task 0: Terminated
srun: error: enc0-node2: task 0: Terminated
srun: error: enc0-node2: task 0: Terminated
srun: error: enc1-node3: task 0: Terminated
srun: error: enc1-node3: task 0: Terminated
srun: error: enc1-node4: task 0: Terminated
srun: error: enc1-node4: task 0: Terminated
srun: error: enc1-node3: task 0: Terminated
srun: error: enc1-node6: task 0: Terminated
srun: error: enc1-node6: task 0: Terminated
slurmstepd-enc0-node1: error: *** STEP 1516775.31 ON enc0-node1 CANCELLED AT 2021-10-12T23:15:17 ***
srun: error: enc0-node1: task 0: Terminated
srun: error: enc1-node4: task 0: Terminated
srun: error: enc0-node2: task 0: Terminated
srun: error: enc1-node3: task 0: Terminated
srun: error: enc1-node3: task 0: Terminated
srun: error: enc0-node2: task 0: Terminated
srun: error: enc1-node3: task 0: Terminated
srun: error: enc1-node3: task 0: Terminated
slurmstepd-enc0-node1: error: *** STEP 1516775.25 ON enc0-node1 CANCELLED AT 2021-10-12T23:15:17 ***
srun: error: enc1-node3: task 0: Terminated
srun: error: enc1-node6: task 0: Terminated
srun: error: enc0-node2: task 0: Terminated
srun: error: enc0-node1: task 0: Terminated
srun: error: enc0-node1: task 0: Terminated
slurmstepd-enc0-node1: error: *** STEP 1516775.20 ON enc0-node1 CANCELLED AT 2021-10-12T23:15:17 ***
srun: error: enc0-node1: task 0: Terminated
srun: error: enc1-node6: task 0: Terminated
srun: error: enc1-node6: task 0: Terminated
slurmstepd-enc0-node1: error: *** STEP 1516775.29 ON enc0-node1 CANCELLED AT 2021-10-12T23:15:17 ***
srun: error: enc0-node2: task 0: Terminated
srun: error: enc1-node6: task 0: Terminated
srun: error: enc1-node6: task 0: Terminated
srun: error: enc1-node4: task 0: Terminated
srun: error: enc1-node6: task 0: Terminated
slurmstepd-enc0-node1: error: *** STEP 1516775.14 ON enc0-node1 CANCELLED AT 2021-10-12T23:15:17 ***
srun: error: enc1-node4: task 0: Terminated
srun: error: enc1-node6: task 0: Terminated
srun: error: enc1-node6: task 0: Terminated
srun: error: enc0-node2: task 0: Terminated
srun: error: enc1-node4: task 0: Terminated
srun: error: enc0-node2: task 0: Terminated
slurmstepd-enc0-node1: error: *** STEP 1516775.18 ON enc0-node1 CANCELLED AT 2021-10-12T23:15:17 ***
srun: error: enc1-node4: task 0: Terminated
srun: error: enc0-node2: task 0: Terminated
srun: error: enc1-node4: task 0: Terminated
srun: error: enc0-node2: task 0: Terminated
srun: error: enc0-node2: task 0: Terminated
srun: error: enc0-node2: task 0: Terminated
srun: error: enc1-node4: task 0: Terminated
slurmstepd-enc0-node1: error: *** STEP 1516775.19 ON enc0-node1 CANCELLED AT 2021-10-12T23:15:17 ***
srun: error: enc1-node4: task 0: Terminated
slurmstepd-enc0-node1: error: *** STEP 1516775.32 ON enc0-node1 CANCELLED AT 2021-10-12T23:15:17 ***
slurmstepd-enc0-node1: error: *** STEP 1516775.27 ON enc0-node1 CANCELLED AT 2021-10-12T23:15:17 ***
slurmstepd-enc0-node1: error: *** STEP 1516775.13 ON enc0-node1 CANCELLED AT 2021-10-12T23:15:17 ***
slurmstepd-enc0-node1: error: *** STEP 1516775.22 ON enc0-node1 CANCELLED AT 2021-10-12T23:15:17 ***
srun: error: enc0-node1: task 0: Terminated
slurmstepd-enc0-node1: error: *** STEP 1516775.15 ON enc0-node1 CANCELLED AT 2021-10-12T23:15:17 ***
srun: error: enc0-node1: task 0: Terminated
slurmstepd-enc0-node1: error: *** STEP 1516775.23 ON enc0-node1 CANCELLED AT 2021-10-12T23:15:17 ***
slurmstepd-enc0-node1: error: *** STEP 1516775.24 ON enc0-node1 CANCELLED AT 2021-10-12T23:15:17 ***
slurmstepd-enc0-node1: error: *** STEP 1516775.16 ON enc0-node1 CANCELLED AT 2021-10-12T23:15:17 ***
srun: error: enc0-node1: task 0: Terminated
srun: error: enc0-node1: task 0: Terminated
srun: error: enc0-node1: task 0: Terminated
srun: error: enc0-node1: task 0: Terminated
srun: error: enc0-node1: task 0: Terminated
srun: error: enc0-node1: task 0: Terminated
srun: error: enc0-node1: task 0: Terminated
srun: error: enc0-node1: task 0: Terminated
srun: error: enc0-node1: task 0: Terminated
srun: error: enc0-node1: task 0: Terminated
srun: error: enc0-node1: task 0: Terminated
srun: error: enc0-node1: task 0: Terminated
srun: error: enc0-node1: task 0: Terminated
srun: error: enc0-node1: task 0: Terminated
